10/02/2021 01:45:28 AM FEED MONEY: $5.00 $5.00
10/02/2021 01:45:35 AM U-Chews D1 $5.00 $4.15
10/02/2021 01:45:49 AM GIVE CHANGE: $4.15 $0.00
10/02/2021 02:50:32 AM FEED MONEY: $5.00 $5.00
10/02/2021 02:50:45 AM Mountain Melter C3 $5.00 $3.50
10/02/2021 02:50:51 AM GIVE CHANGE: $3.50 $0.00
10/02/2021 07:35:06 AM FEED MONEY: $5.00 $5.00
10/02/2021 07:35:14 AM FEED MONEY: $6.00 $6.00
10/02/2021 07:35:19 AM Crunchie B4 $6.00 $4.25
10/02/2021 07:45:37 AM FEED MONEY: $5.00 $5.00
10/02/2021 07:45:46 AM Mountain Melter C3 $5.00 $3.50
10/02/2021 07:46:24 AM FEED MONEY: $5.00 $5.00
10/02/2021 07:46:29 AM U-Chews D1 $5.00 $4.15
10/02/2021 07:50:05 AM FEED MONEY: $5.00 $5.00
10/02/2021 07:50:10 AM Crunchie B4 $5.00 $3.25
10/02/2021 08:02:26 AM FEED MONEY: $5.00 $5.00
10/02/2021 08:02:45 AM Crunchie B4 $5.00 $3.25
10/02/2021 08:04:09 AM FEED MONEY: $5.00 $5.00
10/02/2021 08:04:15 AM Little League Chew D2 $5.00 $4.05
10/02/2021 08:07:12 AM FEED MONEY: $5.00 $5.00
10/02/2021 08:07:18 AM Little League Chew D2 $5.00 $4.05
10/02/2021 08:55:46 AM FEED MONEY: $5.00 $5.00
10/02/2021 08:55:58 AM Mountain Melter C3 $5.00 $3.50
10/02/2021 08:56:05 AM GIVE CHANGE: $3.50 $0.00
10/02/2021 08:57:26 AM FEED MONEY: $5.00 $5.00
10/02/2021 08:57:37 AM U-Chews D1 $5.00 $4.15
10/02/2021 08:57:40 AM GIVE CHANGE: $4.15 $0.00
10/02/2021 08:59:44 AM FEED MONEY: $5.00 $5.00
10/02/2021 08:59:50 AM Chiclets D3 $5.00 $4.25
10/02/2021 08:59:52 AM GIVE CHANGE: $4.25 $0.00
10/02/2021 09:07:00 AM FEED MONEY: $5.00 $5.00
10/02/2021 09:07:05 AM Little League Chew D2 $5.00 $4.05
10/02/2021 09:07:08 AM GIVE CHANGE: $4.05 $0.00
10/02/2021 09:09:59 AM FEED MONEY: $5.00 $5.00
10/02/2021 09:10:08 AM Cola C1 $5.00 $3.75
10/02/2021 09:10:16 AM GIVE CHANGE: $3.75 $0.00
10/02/2021 09:11:15 AM FEED MONEY: $5.00 $5.00
10/02/2021 09:11:25 AM Chiclets D3 $5.00 $4.25
10/02/2021 09:11:29 AM GIVE CHANGE: $4.25 $0.00
10/02/2021 09:12:26 AM FEED MONEY: $5.00 $5.00
10/02/2021 09:12:29 AM Chiclets D3 $5.00 $4.25
10/02/2021 09:12:33 AM GIVE CHANGE: $4.25 $0.00
10/02/2021 09:14:09 AM FEED MONEY: $5.00 $5.00
10/02/2021 09:14:14 AM Chiclets D3 $5.00 $4.25
10/02/2021 09:14:18 AM GIVE CHANGE: $4.25 $0.00
10/02/2021 09:16:58 AM GIVE CHANGE: $0.00 $0.00
10/02/2021 09:17:30 AM FEED MONEY: $5.00 $5.00
10/02/2021 09:17:38 AM Chiclets D3 $5.00 $4.25
10/02/2021 09:17:44 AM GIVE CHANGE: $4.25 $0.00
10/02/2021 09:22:03 AM FEED MONEY: $5.00 $5.00
10/02/2021 09:22:08 AM Chiclets D3 $5.00 $4.25
10/02/2021 09:22:13 AM GIVE CHANGE: $4.25 $0.00
10/02/2021 09:27:37 AM FEED MONEY: $5.00 $5.00
10/02/2021 09:28:00 AM Chiclets D3 $5.00 $4.25
10/02/2021 09:28:04 AM GIVE CHANGE: $4.25 $0.00
10/02/2021 09:28:38 AM FEED MONEY: $5.00 $5.00
10/02/2021 09:28:56 AM Chiclets D3 $5.00 $4.25
10/02/2021 09:28:59 AM GIVE CHANGE: $4.25 $0.00
10/02/2021 09:31:09 AM FEED MONEY: $5.00 $5.00
10/02/2021 09:31:20 AM Little League Chew D2 $5.00 $4.05
10/02/2021 09:31:24 AM GIVE CHANGE: $5.00 $4.05
10/02/2021 09:34:48 AM FEED MONEY: $5.00 $5.00
10/02/2021 09:34:54 AM Chiclets D3 $5.00 $4.25
10/02/2021 09:35:54 AM FEED MONEY: $5.00 $5.00
10/02/2021 09:36:07 AM Chiclets D3 $5.00 $4.25
10/02/2021 09:37:26 AM FEED MONEY: $5.00 $5.00
10/02/2021 09:37:31 AM Chiclets D3 $5.00 $4.25
10/02/2021 09:40:43 AM FEED MONEY: $5.00 $5.00
10/02/2021 09:40:48 AM Chiclets D3 $5.00 $4.25
10/02/2021 09:42:13 AM FEED MONEY: $5.00 $5.00
10/02/2021 09:42:20 AM Chiclets D3 $5.00 $4.25
10/02/2021 09:42:26 AM GIVE CHANGE: $5.00 $4.25
10/02/2021 09:48:49 AM FEED MONEY: $5.00 $5.00
10/02/2021 09:48:57 AM Mountain Melter C3 $5.00 $3.50
10/02/2021 09:49:01 AM GIVE CHANGE: $5.00 $3.50
10/02/2021 10:06:56 AM FEED MONEY: $5.00 $5.00
10/02/2021 10:07:02 AM Chiclets D3 $5.00 $4.25
10/02/2021 10:07:06 AM GIVE CHANGE: $5.00 $4.25
10/02/2021 10:17:57 AM FEED MONEY: $5.00 $5.00
10/02/2021 10:18:03 AM Heavy C4 $5.00 $3.50
10/02/2021 10:18:09 AM GIVE CHANGE: $5.00 $3.50
